0	1	mikroCPIC1618.exe -MSF -DBG -pP18F4550 -UICD -DL -O11111114 -fo48 -N"D:\OneDrive\Documentos\Faculdade\10º Semestre\TCC\mikroC\LCD\TCC.mcppi" -SP"C:\Users\Public\Documents\Mikroelektronika\mikroC PRO for PIC\Defs\" -SP"C:\Users\Public\Documents\Mikroelektronika\mikroC PRO for PIC\uses\P18\" -SP"D:\OneDrive\Documentos\Faculdade\10º Semestre\TCC\mikroC\LCD\" -SP"C:\Users\Public\Documents\Mikroelektronika\mikroC PRO for PIC\Packages\GLCD Driver for ST7920\Uses\" -IP"C:\Users\Public\Documents\Mikroelektronika\mikroC PRO for PIC\uses\P18\" -IP"C:\Users\Public\Documents\Mikroelektronika\mikroC PRO for PIC\Packages\GLCD Driver for ST7920\Uses\" "TCC.c" "__Lib_Math.mcl" "__Lib_MathDouble.mcl" "__Lib_System.mcl" "__Lib_Delays.mcl" "__Lib_CType.mcl" "__Lib_CString.mcl" "__Lib_CStdlib.mcl" "__Lib_CMath.mcl" "__Lib_MemManager.mcl" "__Lib_Conversions.mcl" "__Lib_Sprintf.mcl" "__Lib_PrintOut.mcl" "__Lib_Sprinti.mcl" "__Lib_Sprintl.mcl" "__Lib_Time.mcl" "__Lib_Trigonometry.mcl" "__Lib_Button.mcl" "__Lib_Keypad4x4.mcl" "__Lib_Manchester.mcl" "__Lib_OneWire.mcl" "__Lib_PS2.mcl" "__Lib_Sound.mcl" "__Lib_SoftI2C.mcl" "__Lib_SoftSPI.mcl" "__Lib_SoftUART.mcl" "__Lib_ADC_A_D.mcl" "__Lib_EEPROM_256.mcl" "__Lib_FLASH_w32_e64.mcl" "__Lib_I2C_b10.mcl" "__Lib_PWM_c21.mcl" "__Lib_SPI_b10c7.mcl" "__Lib_UART_c67.mcl" "__Lib_USB_genHID.mcl" "__Lib_PortExpander.mcl" "__Lib_CANSPI.mcl" "__Lib_CF.mcl" "__Lib_CFFat16.mcl" "__Lib_GlcdFonts.mcl" "__Lib_LcdConsts.mcl" "__Lib_Lcd.mcl" "__Lib_Mmc.mcl" "__Lib_MmcFat16.mcl" "__Lib_MmcFat16Constants.mcl" "__Lib_RS485.mcl" "__Lib_S1D13700.mcl" "__Lib_T6963C.mcl" "__Lib_SPIGlcd.mcl" "__Lib_SPILcd.mcl" "__Lib_SPILcd8.mcl" "__Lib_SPIT6963C.mcl" "__Lib_EthEnc28j60.mcl" "__Lib_TFT.mcl" "__Lib_TFT_Defs.mcl" "__Lib_TFT_16bit.mcl" "__Lib_TFT_16bit_Defs.mcl" "__Lib_TouchPanel_TFT.mcl" "__Lib_EthEnc24j600.mcl" "__Lib_TouchPanel.mcl"	 
hint: 0	1139	Available RAM: 2027 [bytes], Available ROM: 32768 [bytes]	 
diagnostics: 0	122	Compilation Started	TCC.c
hint: 55	1163	Variable 'set' has been declared, but not used	TCC.c
hint: 56	1163	Variable 'k' has been declared, but not used	TCC.c
hint: 57	1163	Variable 'pulsofloat' has been declared, but not used	TCC.c
hint: 57	1163	Variable 'periodofloat' has been declared, but not used	TCC.c
hint: 57	1163	Variable 'offfloat' has been declared, but not used	TCC.c
warning: 274	1508	Implicit conversion of int to ptr	TCC.c
diagnostics: 432	123	Compiled Successfully	TCC.c
hint: 53	1164	Variable 'msg' has been eliminated by optimizer	TCC.c
hint: 54	1164	Variable 'tempo' has been eliminated by optimizer	TCC.c
hint: 54	1164	Variable 'freq' has been eliminated by optimizer	TCC.c
hint: 54	1164	Variable 'pulso' has been eliminated by optimizer	TCC.c
hint: 54	1164	Variable 'periodo' has been eliminated by optimizer	TCC.c
hint: 54	1164	Variable 'off' has been eliminated by optimizer	TCC.c
hint: 56	1164	Variable 'freqint' has been eliminated by optimizer	TCC.c
hint: 56	1164	Variable 'pulsoint' has been eliminated by optimizer	TCC.c
hint: 56	1164	Variable 'temp' has been eliminated by optimizer	TCC.c
hint: 57	1164	Variable 'freqfloat' has been eliminated by optimizer	TCC.c
diagnostics: 0	127	All files Compiled in 125 ms	 
hint: 0	1144	Used RAM (bytes): 854 (42%)  Free RAM (bytes): 1173 (58%)	Used RAM (bytes): 854 (42%)  Free RAM (bytes): 1173 (58%)
hint: 0	1144	Used ROM (bytes): 11129 (34%)  Free ROM (bytes): 21639 (66%)	Used ROM (bytes): 11129 (34%)  Free ROM (bytes): 21639 (66%)
diagnostics: 0	125	Project Linked Successfully	TCC.mcppi
diagnostics: 0	128	Linked in 375 ms	 
diagnostics: 0	129	Project 'TCC.mcppi' completed: 578 ms	 
diagnostics: 0	103	Finished successfully: 18 nov 2022, 20:36:58	TCC.mcppi
